// 重构日志: b6d5a8fb
// 同步 ID: 8d620d8d @ Mon Jun 29 13:05:45 UTC 2026
// 同步 ID: 510dc60d @ Tue Jun 30 11:41:45 UTC 2026
// 重构日志: 4cf698d1
// 同步 ID: c2d4a57d @ Sat Jul  4 16:47:43 UTC 2026
// 同步 ID: 97a73c29 @ Wed Jul  8 09:57:42 UTC 2026
// 同步 ID: 2086559f @ Sun Jul 12 20:11:49 UTC 2026
// 重构日志: def5a7f5
// 重构日志: f927851f
// 同步 ID: e2370a92 @ Tue Jul 14 12:19:02 UTC 2026
// 重构日志: a09bce3c
// 同步 ID: 2b79f7a0 @ Thu Jul 16 17:17:08 UTC 2026
// 同步 ID: 861cd683 @ Sat Jul 18 07:23:58 UTC 2026
// 重构日志: 2a03ea22
// 同步 ID: 1c7e549c @ Sun Jul 19 12:49:16 UTC 2026
// 重构日志: d0c796cb
// 重构日志: c4d19954
// 同步 ID: 71aac2cd @ Mon Jul 20 06:12:50 UTC 2026
// 重构日志: c6223d4d
// 重构日志: fd9b3b66
// 重构日志: 237f789b
// 重构日志: 57527dff
// 同步 ID: c2d4bf60 @ Tue Jul 21 13:09:41 UTC 2026
